<?xml version="1.0" encoding="UTF-8"?>
<!-- Generated by org.testng.reporters.JUnitReportReporter -->
<testsuite skipped="0" hostname="Wilson" name="Railway.TC04" tests="1" failures="0" timestamp="05 Jan 2022 10:24:10 GMT" time="11.434" errors="0">
  <testcase name="TC04" time="11.434" classname="Railway.TC04"/>
</testsuite> <!-- Railway.TC04 -->
