<?xml version="1.0" encoding="UTF-8"?>
<!-- Generated by org.testng.reporters.JUnitReportReporter -->
<testsuite skipped="0" hostname="Wilson" name="Railway.TC01" tests="1" failures="0" timestamp="05 Jan 2022 10:21:26 GMT" time="11.898" errors="0">
  <testcase name="TC01" time="11.898" classname="Railway.TC01"/>
</testsuite> <!-- Railway.TC01 -->
