<?xml version="1.0" encoding="UTF-8"?>
<!-- Generated by org.testng.reporters.JUnitReportReporter -->
<testsuite skipped="0" hostname="Wilson" name="Railway.TC11" tests="1" failures="0" timestamp="05 Jan 2022 10:35:59 GMT" time="13.474" errors="0">
  <testcase name="TC11" time="13.474" classname="Railway.TC11"/>
</testsuite> <!-- Railway.TC11 -->
