<?xml version="1.0" encoding="UTF-8"?>
<!-- Generated by org.testng.reporters.JUnitReportReporter -->
<testsuite skipped="0" hostname="Wilson" name="Railway.TC02" tests="1" failures="0" timestamp="05 Jan 2022 10:22:18 GMT" time="11.851" errors="0">
  <testcase name="TC02" time="11.851" classname="Railway.TC02"/>
</testsuite> <!-- Railway.TC02 -->
