<?xml version="1.0" encoding="UTF-8"?>
<!-- Generated by org.testng.reporters.JUnitReportReporter -->
<testsuite skipped="0" hostname="Wilson" name="Railway.TC09" tests="1" failures="0" timestamp="05 Jan 2022 10:30:37 GMT" time="17.926" errors="0">
  <testcase name="TC09" time="17.926" classname="Railway.TC09"/>
</testsuite> <!-- Railway.TC09 -->
