<?xml version="1.0" encoding="UTF-8"?>
<!-- Generated by org.testng.reporters.JUnitReportReporter -->
<testsuite skipped="0" hostname="Wilson" name="Railway.TC16" tests="1" failures="0" timestamp="05 Jan 2022 10:42:07 GMT" time="22.177" errors="0">
  <testcase name="TC16" time="22.177" classname="Railway.TC16"/>
</testsuite> <!-- Railway.TC16 -->
