<?xml version="1.0" encoding="UTF-8"?>
<!-- Generated by org.testng.reporters.JUnitReportReporter -->
<testsuite skipped="0" hostname="Wilson" name="Railway.TC17" tests="1" failures="0" timestamp="05 Jan 2022 10:43:59 GMT" time="23.691" errors="0">
  <testcase name="TC17" time="23.691" classname="Railway.TC17"/>
</testsuite> <!-- Railway.TC17 -->
