<?xml version="1.0" encoding="UTF-8"?>
<!-- Generated by org.testng.reporters.JUnitReportReporter -->
<testsuite skipped="0" hostname="Wilson" name="Railway.TC14" tests="1" failures="0" timestamp="05 Jan 2022 10:37:38 GMT" time="21.579" errors="0">
  <testcase name="TC14" time="21.579" classname="Railway.TC14"/>
</testsuite> <!-- Railway.TC14 -->
