<?xml version="1.0" encoding="UTF-8"?>
<!-- Generated by org.testng.reporters.JUnitReportReporter -->
<testsuite skipped="0" hostname="Wilson" name="Railway.TC06" tests="1" failures="0" timestamp="05 Jan 2022 10:26:58 GMT" time="13.197" errors="0">
  <testcase name="TC06" time="13.197" classname="Railway.TC06"/>
</testsuite> <!-- Railway.TC06 -->
