<?xml version="1.0" encoding="UTF-8"?>
<!-- Generated by org.testng.reporters.JUnitReportReporter -->
<testsuite skipped="0" hostname="Wilson" name="Railway.TC10" tests="1" failures="0" timestamp="05 Jan 2022 10:33:49 GMT" time="18.709" errors="0">
  <testcase name="TC10" time="18.709" classname="Railway.TC10"/>
</testsuite> <!-- Railway.TC10 -->
